<?xml version="1.0" encoding="UTF-8"?>
<!DOCTYPE mapper
PUBLIC "-//mybatis.org//DTD Config 3.0//EN"
"http://mybatis.org/dtd/mybatis-3-mapper.dtd">

<mapper namespace="com.spring.apple">
	<select id="test" resultType="com.spring.apple.SampleVO">
		SELECT * FROM SAMPLE
	</select>
	
	<insert id="image" parameterType="java.util.Map">
		INSERT INTO SAMPLE3 VALUES(#{img})  
	</insert>
	
	<select id="getByteImage" resultType="java.util.Map">
	    SELECT 	DATA
	    FROM 	SAMPLE3
	</select>

</mapper>