<?xml version="1.0" encoding="UTF-8"?>
<!DOCTYPE mapper
PUBLIC "-//mybatis.org//DTD Config 3.0//EN"
"http://mybatis.org/dtd/mybatis-3-mapper.dtd">

<mapper namespace="com.spring.apple">
	
	<select id="methodFirst"		parameterType="com.spring.apple.model.APIVO"
									resultType="com.spring.apple.model.APIVO">
		SELECT 'APPLE' AS FIRST FROM DUAL;
		SELECT 'BANANA' AS SECOND FROM DUAL;
		<!-- SELECT 'BANANA' AS SECOND FROM DUAL -->
	</select>
	
	<select id="methodSecond"		parameterType="com.spring.apple.model.APIVO"
									resultType="com.spring.apple.model.APIVO">
		SELECT FOUND_ROWS() AS SECOND
	</select>
	
	
	<insert id="image" parameterType="java.util.Map">
		INSERT INTO SAMPLE3 VALUES(#{img})  
	</insert>
	
	<select id="getByteImage" resultType="java.util.Map">
	    SELECT 	DATA
	    FROM 	SAMPLE3
	</select>

	<sql id="">
	
	</sql>
</mapper>